0 info it worked if it ends with ok
1 verbose cli [ '/Users/della/.nvm/versions/node/v5.0.0/bin/node',
1 verbose cli   '/Users/della/.nvm/versions/node/v5.0.0/bin/npm',
1 verbose cli   'run',
1 verbose cli   'tsc' ]
2 info using npm@3.3.6
3 info using node@v5.0.0
4 verbose run-script [ 'pretsc', 'tsc', 'posttsc' ]
5 info lifecycle ng2LCBO@0.5.0~pretsc: ng2LCBO@0.5.0
6 silly lifecycle ng2LCBO@0.5.0~pretsc: no script for pretsc, continuing
7 info lifecycle ng2LCBO@0.5.0~tsc: ng2LCBO@0.5.0
8 verbose lifecycle ng2LCBO@0.5.0~tsc: unsafe-perm in lifecycle true
9 verbose lifecycle ng2LCBO@0.5.0~tsc: PATH: /Users/della/.nvm/versions/node/v5.0.0/lib/node_modules/npm/bin/node-gyp-bin:/Users/della/WebstormProjects/angular2LCBO/node_modules/.bin:/Users/della/.nvm/versions/node/v5.0.0/lib/node_modules/npm/bin/node-gyp-bin:/Users/della/WebstormProjects/angular2LCBO/node_modules/.bin:/Users/della/.nvm/versions/node/v5.0.0/bin:/Users/della/google-cloud-sdk/bin:/usr/local/heroku/bin:/usr/bin:/bin:/usr/sbin:/sbin:/usr/local/bin:/Users/della/android/platform-tools:/Users/della/android/tools
10 verbose lifecycle ng2LCBO@0.5.0~tsc: CWD: /Users/della/WebstormProjects/angular2LCBO
11 silly lifecycle ng2LCBO@0.5.0~tsc: Args: [ '-c', 'tsc --project src --watch' ]
12 silly lifecycle ng2LCBO@0.5.0~tsc: Returned: code: 1  signal: null
13 info lifecycle ng2LCBO@0.5.0~tsc: Failed to exec tsc script
14 verbose stack Error: ng2LCBO@0.5.0 tsc: `tsc --project src --watch`
14 verbose stack Exit status 1
14 verbose stack     at EventEmitter.<anonymous> (/Users/della/.nvm/versions/node/v5.0.0/lib/node_modules/npm/lib/utils/lifecycle.js:233:16)
14 verbose stack     at emitTwo (events.js:87:13)
14 verbose stack     at EventEmitter.emit (events.js:172:7)
14 verbose stack     at ChildProcess.<anonymous> (/Users/della/.nvm/versions/node/v5.0.0/lib/node_modules/npm/lib/utils/spawn.js:24:14)
14 verbose stack     at emitTwo (events.js:87:13)
14 verbose stack     at ChildProcess.emit (events.js:172:7)
14 verbose stack     at maybeClose (internal/child_process.js:818:16)
14 verbose stack     at Process.ChildProcess._handle.onexit (internal/child_process.js:211:5)
15 verbose pkgid ng2LCBO@0.5.0
16 verbose cwd /Users/della/WebstormProjects/angular2LCBO
17 error Darwin 14.0.0
18 error argv "/Users/della/.nvm/versions/node/v5.0.0/bin/node" "/Users/della/.nvm/versions/node/v5.0.0/bin/npm" "run" "tsc"
19 error node v5.0.0
20 error npm  v3.3.6
21 error code ELIFECYCLE
22 error ng2LCBO@0.5.0 tsc: `tsc --project src --watch`
22 error Exit status 1
23 error Failed at the ng2LCBO@0.5.0 tsc script 'tsc --project src --watch'.
23 error This is most likely a problem with the ng2LCBO package,
23 error not with npm itself.
23 error Tell the author that this fails on your system:
23 error     tsc --project src --watch
23 error You can get their info via:
23 error     npm owner ls ng2LCBO
23 error There is likely additional logging output above.
24 verbose exit [ 1, true ]
